# JRE version: OpenJDK Runtime Environment (8.0_242-b01) (build 1.8.0_242-release-1644-b01)
# Java VM: OpenJDK 64-Bit Server VM (25.242-b01 mixed mode windows-amd64 compressed oops)
Heap:
 PSYoungGen      total 189952K, used 152619K [0x00000000d5580000, 0x00000000e2980000, 0x0000000100000000)
  eden space 169472K, 77% used [0x00000000d5580000,0x00000000dd690150,0x00000000dfb00000)
  from space 20480K, 99% used [0x00000000e1200000,0x00000000e25faaf0,0x00000000e2600000)
  to   space 23552K, 0% used [0x00000000dfb00000,0x00000000dfb00000,0x00000000e1200000)
 ParOldGen       total 148992K, used 33833K [0x0000000080000000, 0x0000000089180000, 0x00000000d5580000)
  object space 148992K, 22% used [0x0000000080000000,0x000000008210a6c0,0x0000000089180000)
 Metaspace       used 72629K, capacity 76152K, committed 76248K, reserved 1114112K
  class space    used 10061K, capacity 10695K, committed 10752K, reserved 1048576K
GC Heap History (10 events):
Event: 23.309 GC heap before
{Heap before GC invocations=13 (full 2):
 PSYoungGen      total 125440K, used 125390K [0x00000000d5580000, 0x00000000de200000, 0x0000000100000000)
  eden space 118784K, 100% used [0x00000000d5580000,0x00000000dc980000,0x00000000dc980000)
  from space 6656K, 99% used [0x00000000ddb80000,0x00000000de1f3a68,0x00000000de200000)
  to   space 11264K, 0% used [0x00000000dcc00000,0x00000000dcc00000,0x00000000dd700000)
 ParOldGen       total 96256K, used 14373K [0x0000000080000000, 0x0000000085e00000, 0x00000000d5580000)
  object space 96256K, 14% used [0x0000000080000000,0x0000000080e094d8,0x0000000085e00000)
 Metaspace       used 50163K, capacity 52070K, committed 52440K, reserved 1095680K
  class space    used 6694K, capacity 7061K, committed 7168K, reserved 1048576K
Event: 23.346 GC heap after
Heap after GC invocations=13 (full 2):
 PSYoungGen      total 132608K, used 11251K [0x00000000d5580000, 0x00000000e0500000, 0x0000000100000000)
  eden space 121344K, 0% used [0x00000000d5580000,0x00000000d5580000,0x00000000dcc00000)
  from space 11264K, 99% used [0x00000000dcc00000,0x00000000dd6fccc8,0x00000000dd700000)
  to   space 15360K, 0% used [0x00000000df600000,0x00000000df600000,0x00000000e0500000)
 ParOldGen       total 96256K, used 22706K [0x0000000080000000, 0x0000000085e00000, 0x00000000d5580000)
  object space 96256K, 23% used [0x0000000080000000,0x000000008162c920,0x0000000085e00000)
 Metaspace       used 50163K, capacity 52070K, committed 52440K, reserved 1095680K
  class space    used 6694K, capacity 7061K, committed 7168K, reserved 1048576K
}
Event: 26.797 GC heap before
{Heap before GC invocations=14 (full 2):
 PSYoungGen      total 132608K, used 100953K [0x00000000d5580000, 0x00000000e0500000, 0x0000000100000000)
  eden space 121344K, 73% used [0x00000000d5580000,0x00000000dad19780,0x00000000dcc00000)
  from space 11264K, 99% used [0x00000000dcc00000,0x00000000dd6fccc8,0x00000000dd700000)
  to   space 15360K, 0% used [0x00000000df600000,0x00000000df600000,0x00000000e0500000)
 ParOldGen       total 96256K, used 22706K [0x0000000080000000, 0x0000000085e00000, 0x00000000d5580000)
  object space 96256K, 23% used [0x0000000080000000,0x000000008162c920,0x0000000085e00000)
 Metaspace       used 56476K, capacity 58850K, committed 58968K, reserved 1099776K
  class space    used 7722K, capacity 8206K, committed 8320K, reserved 1048576K
Event: 26.865 GC heap after
Heap after GC invocations=14 (full 2):
 PSYoungGen      total 159744K, used 15340K [0x00000000d5580000, 0x00000000e1280000, 0x0000000100000000)
  eden space 144384K, 0% used [0x00000000d5580000,0x00000000d5580000,0x00000000de280000)
  from space 15360K, 99% used [0x00000000df600000,0x00000000e04fb330,0x00000000e0500000)
  to   space 19968K, 0% used [0x00000000de280000,0x00000000de280000,0x00000000df600000)
 ParOldGen       total 96256K, used 28685K [0x0000000080000000, 0x0000000085e00000, 0x00000000d5580000)
  object space 96256K, 29% used [0x0000000080000000,0x0000000081c03650,0x0000000085e00000)
 Metaspace       used 56476K, capacity 58850K, committed 58968K, reserved 1099776K
  class space    used 7722K, capacity 8206K, committed 8320K, reserved 1048576K
}
Event: 26.865 GC heap before
{Heap before GC invocations=15 (full 3):
 PSYoungGen      total 159744K, used 15340K [0x00000000d5580000, 0x00000000e1280000, 0x0000000100000000)
  eden space 144384K, 0% used [0x00000000d5580000,0x00000000d5580000,0x00000000de280000)
  from space 15360K, 99% used [0x00000000df600000,0x00000000e04fb330,0x00000000e0500000)
  to   space 19968K, 0% used [0x00000000de280000,0x00000000de280000,0x00000000df600000)
 ParOldGen       total 96256K, used 28685K [0x0000000080000000, 0x0000000085e00000, 0x00000000d5580000)
  object space 96256K, 29% used [0x0000000080000000,0x0000000081c03650,0x0000000085e00000)
 Metaspace       used 56476K, capacity 58850K, committed 58968K, reserved 1099776K
  class space    used 7722K, capacity 8206K, committed 8320K, reserved 1048576K
Event: 27.327 GC heap after
Heap after GC invocations=15 (full 3):
 PSYoungGen      total 159744K, used 0K [0x00000000d5580000, 0x00000000e1280000, 0x0000000100000000)
  eden space 144384K, 0% used [0x00000000d5580000,0x00000000d5580000,0x00000000de280000)
  from space 15360K, 0% used [0x00000000df600000,0x00000000df600000,0x00000000e0500000)
  to   space 19968K, 0% used [0x00000000de280000,0x00000000de280000,0x00000000df600000)
 ParOldGen       total 148992K, used 33314K [0x0000000080000000, 0x0000000089180000, 0x00000000d5580000)
  object space 148992K, 22% used [0x0000000080000000,0x0000000082088840,0x0000000089180000)
 Metaspace       used 56458K, capacity 58790K, committed 58968K, reserved 1099776K
  class space    used 7717K, capacity 8196K, committed 8320K, reserved 1048576K
}
Event: 34.434 GC heap before
{Heap before GC invocations=16 (full 3):
 PSYoungGen      total 159744K, used 144384K [0x00000000d5580000, 0x00000000e1280000, 0x0000000100000000)
  eden space 144384K, 100% used [0x00000000d5580000,0x00000000de280000,0x00000000de280000)
  from space 15360K, 0% used [0x00000000df600000,0x00000000df600000,0x00000000e0500000)
  to   space 19968K, 0% used [0x00000000de280000,0x00000000de280000,0x00000000df600000)
 ParOldGen       total 148992K, used 33314K [0x0000000080000000, 0x0000000089180000, 0x00000000d5580000)
  object space 148992K, 22% used [0x0000000080000000,0x0000000082088840,0x0000000089180000)
 Metaspace       used 63227K, capacity 66170K, committed 66392K, reserved 1105920K
  class space    used 8732K, capacity 9296K, committed 9344K, reserved 1048576K
Event: 34.462 GC heap after
Heap after GC invocations=16 (full 3):
 PSYoungGen      total 164352K, used 13648K [0x00000000d5580000, 0x00000000e2600000, 0x0000000100000000)
  eden space 144384K, 0% used [0x00000000d5580000,0x00000000d5580000,0x00000000de280000)
  from space 19968K, 68% used [0x00000000de280000,0x00000000defd40a0,0x00000000df600000)
  to   space 20480K, 0% used [0x00000000e1200000,0x00000000e1200000,0x00000000e2600000)
 ParOldGen       total 148992K, used 33322K [0x0000000080000000, 0x0000000089180000, 0x00000000d5580000)
  object space 148992K, 22% used [0x0000000080000000,0x000000008208a840,0x0000000089180000)
 Metaspace       used 63227K, capacity 66170K, committed 66392K, reserved 1105920K
  class space    used 8732K, capacity 9296K, committed 9344K, reserved 1048576K
}
Event: 40.058 GC heap before
{Heap before GC invocations=17 (full 3):
 PSYoungGen      total 164352K, used 158032K [0x00000000d5580000, 0x00000000e2600000, 0x0000000100000000)
  eden space 144384K, 100% used [0x00000000d5580000,0x00000000de280000,0x00000000de280000)
  from space 19968K, 68% used [0x00000000de280000,0x00000000defd40a0,0x00000000df600000)
  to   space 20480K, 0% used [0x00000000e1200000,0x00000000e1200000,0x00000000e2600000)
 ParOldGen       total 148992K, used 33322K [0x0000000080000000, 0x0000000089180000, 0x00000000d5580000)
  object space 148992K, 22% used [0x0000000080000000,0x000000008208a840,0x0000000089180000)
 Metaspace       used 68425K, capacity 71612K, committed 71768K, reserved 1112064K
  class space    used 9401K, capacity 10019K, committed 10112K, reserved 1048576K
Event: 40.096 GC heap after
Heap after GC invocations=17 (full 3):
 PSYoungGen      total 189952K, used 20458K [0x00000000d5580000, 0x00000000e2980000, 0x0000000100000000)
  eden space 169472K, 0% used [0x00000000d5580000,0x00000000d5580000,0x00000000dfb00000)
  from space 20480K, 99% used [0x00000000e1200000,0x00000000e25faaf0,0x00000000e2600000)
  to   space 23552K, 0% used [0x00000000dfb00000,0x00000000dfb00000,0x00000000e1200000)
 ParOldGen       total 148992K, used 33833K [0x0000000080000000, 0x0000000089180000, 0x00000000d5580000)
  object space 148992K, 22% used [0x0000000080000000,0x000000008210a6c0,0x0000000089180000)
 Metaspace       used 68425K, capacity 71612K, committed 71768K, reserved 1112064K
  class space    used 9401K, capacity 10019K, committed 10112K, reserved 1048576K
}

